<?xml version="1.0" encoding="UTF-8"?>
<!-- Generated by org.testng.reporters.JUnitReportReporter -->
<testsuite skipped="0" hostname="DESKTOP-VINC94V" name="com.automation.OrderPlacedE2E" tests="3" failures="0" timestamp="2020-04-16T03:00:18 IST" time="45.760" errors="0">
  <testcase name="login" time="19.232" classname="com.automation.OrderPlacedE2E"/>
  <system-out/>
  <testcase name="purchase" time="11.955" classname="com.automation.OrderPlacedE2E"/>
  <system-out/>
  <testcase name="placingorder" time="14.573" classname="com.automation.OrderPlacedE2E"/>
  <system-out/>
</testsuite> <!-- com.automation.OrderPlacedE2E -->
