<?xml version="1.0" encoding="UTF-8"?>
<!-- Generated by org.testng.reporters.JUnitReportReporter -->
<testsuite skipped="0" hostname="DESKTOP-VINC94V" name="prodEnv.OrderPlaced" tests="3" failures="0" timestamp="2020-04-16T02:31:22 IST" time="40.548" errors="0">
  <testcase name="login" time="20.847" classname="prodEnv.OrderPlaced"/>
  <system-out/>
  <testcase name="purchase" time="11.353" classname="prodEnv.OrderPlaced"/>
  <system-out/>
  <testcase name="placingorder" time="8.348" classname="prodEnv.OrderPlaced"/>
  <system-out/>
</testsuite> <!-- prodEnv.OrderPlaced -->
