<?xml version="1.0" encoding="UTF-8"?>
<!-- Generated by org.testng.reporters.JUnitReportReporter -->
<testsuite skipped="2" hostname="DESKTOP-VINC94V" name="prodEnv.IframeHandling" tests="2" failures="0" timestamp="2020-04-16T02:54:00 IST" time="0.000" errors="0">
  <testcase name="login" time="0.000" classname="prodEnv.IframeHandling">
    <skipped/>
  </testcase> <!-- login -->
  <system-out/>
  <testcase name="iframe" time="0.000" classname="prodEnv.IframeHandling">
    <skipped/>
  </testcase> <!-- iframe -->
  <system-out/>
</testsuite> <!-- prodEnv.IframeHandling -->
