<?xml version="1.0" encoding="UTF-8"?>
<!-- Generated by org.testng.reporters.JUnitReportReporter -->
<testsuite skipped="0" hostname="DESKTOP-VINC94V" name="com.automation.OrderPlacedE2E" tests="3" failures="0" timestamp="2020-04-17T11:54:52 IST" time="75.496" errors="0">
  <testcase name="login" time="35.232" classname="com.automation.OrderPlacedE2E"/>
  <system-out/>
  <testcase name="purchase" time="22.415" classname="com.automation.OrderPlacedE2E"/>
  <system-out/>
  <testcase name="placingorder" time="17.849" classname="com.automation.OrderPlacedE2E"/>
  <system-out/>
</testsuite> <!-- com.automation.OrderPlacedE2E -->
