<?xml version="1.0" encoding="UTF-8"?>
<!-- Generated by org.testng.reporters.JUnitReportReporter -->
<testsuite skipped="0" hostname="DESKTOP-VINC94V" name="com.automation.WindowHandling" tests="1" failures="0" timestamp="2020-04-17T12:32:08 IST" time="23.334" errors="0">
  <testcase name="windowhandle" time="23.334" classname="com.automation.WindowHandling"/>
  <system-out/>
</testsuite> <!-- com.automation.WindowHandling -->
