<?xml version="1.0" encoding="UTF-8"?>
<!-- Generated by org.testng.reporters.JUnitReportReporter -->
<testsuite skipped="0" hostname="DESKTOP-VINC94V" name="com.automation.IframeHandling" tests="2" failures="0" timestamp="2020-04-16T03:04:36 IST" time="32.750" errors="0">
  <testcase name="login" time="18.308" classname="com.automation.IframeHandling"/>
  <system-out/>
  <testcase name="iframe" time="14.442" classname="com.automation.IframeHandling"/>
  <system-out/>
</testsuite> <!-- com.automation.IframeHandling -->
