<?xml version="1.0" encoding="UTF-8"?>
<!-- Generated by org.testng.reporters.JUnitReportReporter -->
<testsuite skipped="0" hostname="DESKTOP-VINC94V" name="com.automation.sampleTest" tests="1" failures="0" timestamp="2020-04-18T21:30:44 IST" time="0.010" errors="0">
  <testcase name="Hello" time="0.010" classname="com.automation.sampleTest"/>
  <system-out/>
</testsuite> <!-- com.automation.sampleTest -->
