<?xml version="1.0" encoding="UTF-8"?>
<!-- Generated by org.testng.reporters.JUnitReportReporter -->
<testsuite skipped="0" hostname="DESKTOP-VINC94V" name="com.automation.LMX" tests="6" failures="0" timestamp="2020-04-16T11:41:11 IST" time="43.729" errors="0">
  <testcase name="login" time="15.389" classname="com.automation.LMX"/>
  <system-out/>
  <testcase name="products" time="4.191" classname="com.automation.LMX"/>
  <system-out/>
  <testcase name="experiences" time="4.201" classname="com.automation.LMX"/>
  <system-out/>
  <testcase name="videos" time="4.144" classname="com.automation.LMX"/>
  <system-out/>
  <testcase name="tools" time="4.143" classname="com.automation.LMX"/>
  <system-out/>
  <testcase name="search" time="11.661" classname="com.automation.LMX"/>
  <system-out/>
</testsuite> <!-- com.automation.LMX -->
