<?xml version="1.0" encoding="UTF-8"?>
<!-- Generated by org.testng.reporters.JUnitReportReporter -->
<testsuite skipped="7" hostname="DESKTOP-VINC94V" name="prodEnv.SearchFeature" tests="7" failures="0" timestamp="2020-04-16T02:54:00 IST" time="0.000" errors="0">
  <testcase name="search1" time="0.000" classname="prodEnv.SearchFeature">
    <skipped/>
  </testcase> <!-- search1 -->
  <system-out/>
  <testcase name="login" time="0.000" classname="prodEnv.SearchFeature">
    <skipped/>
  </testcase> <!-- login -->
  <system-out/>
  <testcase name="products" time="0.000" classname="prodEnv.SearchFeature">
    <skipped/>
  </testcase> <!-- products -->
  <system-out/>
  <testcase name="experiences" time="0.000" classname="prodEnv.SearchFeature">
    <skipped/>
  </testcase> <!-- experiences -->
  <system-out/>
  <testcase name="videos" time="0.000" classname="prodEnv.SearchFeature">
    <skipped/>
  </testcase> <!-- videos -->
  <system-out/>
  <testcase name="tools" time="0.000" classname="prodEnv.SearchFeature">
    <skipped/>
  </testcase> <!-- tools -->
  <system-out/>
  <testcase name="search" time="0.000" classname="prodEnv.SearchFeature">
    <skipped/>
  </testcase> <!-- search -->
  <system-out/>
</testsuite> <!-- prodEnv.SearchFeature -->
