<?xml version="1.0" encoding="UTF-8"?>
<!-- Generated by org.testng.reporters.JUnitReportReporter -->
<testsuite skipped="3" hostname="DESKTOP-VINC94V" name="prodEnv.OrderPlacedE2E" tests="3" failures="0" timestamp="2020-04-16T02:54:00 IST" time="0.000" errors="0">
  <testcase name="login" time="0.000" classname="prodEnv.OrderPlacedE2E">
    <skipped/>
  </testcase> <!-- login -->
  <system-out/>
  <testcase name="purchase" time="0.000" classname="prodEnv.OrderPlacedE2E">
    <skipped/>
  </testcase> <!-- purchase -->
  <system-out/>
  <testcase name="placingorder" time="0.000" classname="prodEnv.OrderPlacedE2E">
    <skipped/>
  </testcase> <!-- placingorder -->
  <system-out/>
</testsuite> <!-- prodEnv.OrderPlacedE2E -->
