<?xml version="1.0" encoding="UTF-8"?>
<!-- Generated by org.testng.reporters.JUnitReportReporter -->
<testsuite skipped="1" hostname="DESKTOP-VINC94V" name="prodEnv.WindowHandling" tests="1" failures="0" timestamp="2020-04-16T02:54:00 IST" time="0.000" errors="0">
  <testcase name="windowhandle" time="0.000" classname="prodEnv.WindowHandling">
    <skipped/>
  </testcase> <!-- windowhandle -->
  <system-out/>
</testsuite> <!-- prodEnv.WindowHandling -->
