<?xml version="1.0" encoding="UTF-8"?>
<!-- Generated by org.testng.reporters.JUnitReportReporter -->
<testsuite skipped="0" hostname="DESKTOP-VINC94V" name="com.automation.WindowHandling" tests="1" failures="0" timestamp="2020-04-16T03:00:18 IST" time="22.356" errors="0">
  <testcase name="windowhandle" time="22.356" classname="com.automation.WindowHandling"/>
  <system-out/>
</testsuite> <!-- com.automation.WindowHandling -->
